{
  "stats": {
    "suites": 1,
    "tests": 2,
    "passes": 2,
    "pending": 0,
    "failures": 0,
    "start": "2026-09-11T01:18:18.188Z",
    "end": "2026-09-11T01:18:35.015Z",
    "duration": 16827,
    "testsRegistered": 2,
    "passPercent": 100,
    "pendingPercent": 0,
    "other": 0,
    "hasOther": false,
    "skipped": 0,
    "hasSkipped": false
  },
  "results": [
    {
      "uuid": "93fcb39e-4a4b-4898-ade4-21002cbd9d4a",
      "title": "",
      "fullFile": "C:\\Users\\Charly\\projects\\Selenium Projects\\coding-challenge-ria\\tests\\feedback.js",
      "file": "\\tests\\feedback.js",
      "beforeHooks": [],
      "afterHooks": [],
      "tests": [],
      "suites": [
        {
          "uuid": "fbc77b15-9e7a-4b42-aa4d-a21e5d692cb2",
          "title": "RIA money transfer calculator",
          "fullFile": "C:\\Users\\Charly\\projects\\Selenium Projects\\coding-challenge-ria\\tests\\feedback.js",
          "file": "\\tests\\feedback.js",
          "beforeHooks": [],
          "afterHooks": [],
          "tests": [
            {
              "title": "1. Does not accept alphabetical characters in the calculator input",
              "fullTitle": "RIA money transfer calculator 1. Does not accept alphabetical characters in the calculator input",
              "timedOut": false,
              "duration": 7365,
              "state": "passed",
              "speed": "slow",
              "pass": true,
              "fail": false,
              "pending": false,
              "context": null,
              "code": "let driver;\ntry {\n    driver = await new Builder().forBrowser('firefox').build();\n    await driver.get('https://www.riamoneytransfer.com/');\n    await driver.manage().setTimeouts({ implicit: 1000 });\n    \n    // Wait for the page to load and the calculator´s \"They receive\" button to be present:\n    const button = await driver.wait(\n        until.elementLocated(\n            By.xpath(\"//*[contains(normalize-space(.), 'Transfer quote calculator')]//*[normalize-space()='They receive']/following::button[1]\")\n        ),\n        10000\n    );\n    await driver.wait(until.elementIsVisible(button), 10000);\n    await driver.sleep(2000);\n    // Click the \"They receive\" button to open the calculator input field\n    await button.click();\n    // Wait for the calculator input field to be present and visible\n    const amountInput = await driver.wait(\n        until.elementLocated(\n            By.xpath(\"//*[contains(normalize-space(.), 'Transfer quote calculator')]//input\")\n        ),\n        10000\n    );\n    // Wait for the input field to be visible, clear it, and send alphabetical characters\n    await driver.wait(until.elementIsVisible(amountInput), 10000);\n    await amountInput.clear();\n    await amountInput.sendKeys('abc123');\n    // Get the value of the input field and assert that it does not contain alphabetical characters\n    const value = await amountInput.getAttribute('value');\n    assert.ok(!/[a-z]/i.test(value || ''), 'Alphabetical characters should not be written in the calculator input');\n} finally {\n    if (driver) {\n        await driver.quit();\n    }\n}",
              "err": {},
              "uuid": "bcd34e37-84df-4b9d-8fad-88449486cc4f",
              "parentUUID": "fbc77b15-9e7a-4b42-aa4d-a21e5d692cb2",
              "isHook": false,
              "skipped": false
            },
            {
              "title": "2. Clicks the \"They receive\" button and a country popup menu appears",
              "fullTitle": "RIA money transfer calculator 2. Clicks the \"They receive\" button and a country popup menu appears",
              "timedOut": false,
              "duration": 9458,
              "state": "passed",
              "speed": "slow",
              "pass": true,
              "fail": false,
              "pending": false,
              "context": null,
              "code": "let driver;\ntry {\n    driver = await new Builder().forBrowser('firefox').build();\n    await driver.get('https://www.riamoneytransfer.com/');\n    await driver.manage().setTimeouts({ implicit: 1000 });\n    const button = await driver.wait(\n        until.elementLocated(\n            By.xpath(\"//*[contains(normalize-space(.), 'Transfer quote calculator')]//*[normalize-space()='They receive']/following::button[1]\")\n        ),\n        10000\n    );\n    await driver.wait(until.elementIsVisible(button), 10000);\n    assert.ok(button, 'They receive button should be visible');\n    await button.click();\n    console.log('Clicked the \"They receive\" button');\n    const popupText = await driver.wait(async () => {\n        const dialogs = await driver.findElements(By.css('[role=\"dialog\"]'));\n        for (const dialog of dialogs) {\n            try {\n                const text = await dialog.getText();\n                if (/Select Destination/i.test(text) && /Colombia|Peru|Haiti|Dominican Republic/i.test(text)) {\n                    return text;\n                }\n            } catch (err) {\n                // ignore non-visible or detached elements while polling\n            }\n        }\n        return null;\n    }, 15000);\n    assert.ok(popupText, 'A country selection popup should appear after clicking the button');\n    assert.ok(/Select Destination/i.test(popupText), 'The popup should contain a country-selection title');\n    assert.ok(/Colombia|Peru|Haiti|Dominican Republic/i.test(popupText), 'The popup should include selectable country options');\n} finally {\n    if (driver) {\n        await driver.quit();\n    }\n}",
              "err": {},
              "uuid": "60a4bbfd-5450-46bb-b376-be0385591606",
              "parentUUID": "fbc77b15-9e7a-4b42-aa4d-a21e5d692cb2",
              "isHook": false,
              "skipped": false
            }
          ],
          "suites": [],
          "passes": [
            "bcd34e37-84df-4b9d-8fad-88449486cc4f",
            "60a4bbfd-5450-46bb-b376-be0385591606"
          ],
          "failures": [],
          "pending": [],
          "skipped": [],
          "duration": 16823,
          "root": false,
          "rootEmpty": false,
          "_timeout": 30000
        }
      ],
      "passes": [],
      "failures": [],
      "pending": [],
      "skipped": [],
      "duration": 0,
      "root": true,
      "rootEmpty": true,
      "_timeout": 2000
    }
  ],
  "meta": {
    "mocha": {
      "version": "10.8.2"
    },
    "mochawesome": {
      "options": {
        "quiet": false,
        "reportFilename": "mochawesome",
        "saveHtml": true,
        "saveJson": true,
        "consoleReporter": "spec",
        "useInlineDiffs": false,
        "code": true
      },
      "version": "8.0.1"
    },
    "marge": {
      "options": {
        "reportDir": "./mochawesome-report",
        "overwrite": "false"
      },
      "version": "6.3.2"
    }
  }
}