{
  "stats": {
    "suites": 1,
    "tests": 3,
    "passes": 3,
    "pending": 0,
    "failures": 0,
    "start": "2026-09-11T01:46:39.937Z",
    "end": "2026-09-11T01:47:03.586Z",
    "duration": 23649,
    "testsRegistered": 3,
    "passPercent": 100,
    "pendingPercent": 0,
    "other": 0,
    "hasOther": false,
    "skipped": 0,
    "hasSkipped": false
  },
  "results": [
    {
      "uuid": "b57b3172-7e84-4610-9221-1ff89484e6ab",
      "title": "",
      "fullFile": "C:\\Users\\Charly\\projects\\Selenium Projects\\coding-challenge-ria\\tests\\feedback.js",
      "file": "\\tests\\feedback.js",
      "beforeHooks": [],
      "afterHooks": [],
      "tests": [],
      "suites": [
        {
          "uuid": "b7da7eda-c80d-448f-ad02-fa66e63762da",
          "title": "RIA money transfer calculator",
          "fullFile": "C:\\Users\\Charly\\projects\\Selenium Projects\\coding-challenge-ria\\tests\\feedback.js",
          "file": "\\tests\\feedback.js",
          "beforeHooks": [],
          "afterHooks": [],
          "tests": [
            {
              "title": "1. Does not accept alphabetical characters in the calculator input",
              "fullTitle": "RIA money transfer calculator 1. Does not accept alphabetical characters in the calculator input",
              "timedOut": false,
              "duration": 9831,
              "state": "passed",
              "speed": "slow",
              "pass": true,
              "fail": false,
              "pending": false,
              "context": null,
              "code": "let driver;\ntry {\n    driver = await new Builder().forBrowser('firefox').build();\n    await driver.get('https://www.riamoneytransfer.com/');\n    await driver.manage().setTimeouts({ implicit: 1000 });\n    \n    // Wait for the page to load and the calculator´s \"They receive\" button to be present:\n    const button = await driver.wait(\n        until.elementLocated(\n            By.xpath(\"//*[contains(normalize-space(.), 'Transfer quote calculator')]//*[normalize-space()='They receive']/following::button[1]\")\n        ),\n        10000\n    );\n    await driver.wait(until.elementIsVisible(button), 10000);\n    await driver.sleep(2000);\n    // Click the \"They receive\" button to open the calculator input field\n    await button.click();\n    // Wait for the calculator input field to be present and visible\n    const amountInput = await driver.wait(\n        until.elementLocated(\n            By.xpath(\"//*[contains(normalize-space(.), 'Transfer quote calculator')]//input\")\n        ),\n        10000\n    );\n    // Wait for the input field to be visible, clear it, and send alphabetical characters\n    await driver.wait(until.elementIsVisible(amountInput), 10000);\n    await amountInput.clear();\n    await amountInput.sendKeys('abc123');\n    // Get the value of the input field and assert that it does not contain alphabetical characters\n    const value = await amountInput.getAttribute('value');\n    assert.ok(!/[a-z]/i.test(value || ''), 'Alphabetical characters should not be written in the calculator input');\n} finally {\n    if (driver) {\n        await driver.quit();\n    }\n}",
              "err": {},
              "uuid": "34e3930a-cb72-4fa9-b62d-9bcc6d911125",
              "parentUUID": "b7da7eda-c80d-448f-ad02-fa66e63762da",
              "isHook": false,
              "skipped": false
            },
            {
              "title": "2. Clicks the \"They receive\" button and a country popup menu appears",
              "fullTitle": "RIA money transfer calculator 2. Clicks the \"They receive\" button and a country popup menu appears",
              "timedOut": false,
              "duration": 8862,
              "state": "passed",
              "speed": "slow",
              "pass": true,
              "fail": false,
              "pending": false,
              "context": null,
              "code": "let driver;\ntry {\n    driver = await new Builder().forBrowser('firefox').build();\n    await driver.get('https://www.riamoneytransfer.com/');\n    await driver.manage().setTimeouts({ implicit: 1000 });\n    const button = await driver.wait(\n        until.elementLocated(\n            By.xpath(\"//*[contains(normalize-space(.), 'Transfer quote calculator')]//*[normalize-space()='They receive']/following::button[1]\")\n        ),\n        10000\n    );\n    await driver.wait(until.elementIsVisible(button), 10000);\n    assert.ok(button, 'They receive button should be visible');\n    await button.click();\n    console.log('Clicked the \"They receive\" button');\n    const popupText = await driver.wait(async () => {\n        const dialogs = await driver.findElements(By.css('[role=\"dialog\"]'));\n        for (const dialog of dialogs) {\n            try {\n                const text = await dialog.getText();\n                if (/Select Destination/i.test(text) && /Colombia|Peru|Haiti|Dominican Republic/i.test(text)) {\n                    return text;\n                }\n            } catch (err) {\n                // ignore non-visible or detached elements while polling\n            }\n        }\n        return null;\n    }, 15000);\n    assert.ok(popupText, 'A country selection popup should appear after clicking the button');\n    assert.ok(/Select Destination/i.test(popupText), 'The popup should contain a country-selection title');\n    assert.ok(/Colombia|Peru|Haiti|Dominican Republic/i.test(popupText), 'The popup should include selectable country options');\n} finally {\n    if (driver) {\n        await driver.quit();\n    }\n}",
              "err": {},
              "uuid": "46adf00a-495e-4539-92b2-e7653e69b3a1",
              "parentUUID": "b7da7eda-c80d-448f-ad02-fa66e63762da",
              "isHook": false,
              "skipped": false
            },
            {
              "title": "3. They receive amount changes when You send is updated to 1",
              "fullTitle": "RIA money transfer calculator 3. They receive amount changes when You send is updated to 1",
              "timedOut": false,
              "duration": 4952,
              "state": "passed",
              "speed": "slow",
              "pass": true,
              "fail": false,
              "pending": false,
              "context": null,
              "code": "let driver;\ntry {\n    driver = await new Builder().forBrowser('firefox').build();\n    await driver.get('https://www.riamoneytransfer.com/');\n    await driver.manage().setTimeouts({ implicit: 1000 });\n    const sendButton = await driver.wait(\n        until.elementLocated(\n            By.xpath(\"//*[contains(normalize-space(.), 'Transfer quote calculator')]//*[normalize-space()='You send']/following::button[1]\")\n        ),\n        10000\n    );\n    const getCalculatorText = async () => {\n        return await driver.executeScript(() => {\n            const calc = document.querySelector('[aria-label=\"Transfer quote calculator\"]');\n            return calc ? calc.textContent.replace(/\\s+/g, ' ').trim() : '';\n        });\n    };\n    const initialCalculatorText = await getCalculatorText();\n    assert.ok(initialCalculatorText.length > 0, 'Transfer quote calculator should be visible');\n    await sendButton.click();\n    const amountInput = await driver.wait(async () => {\n        return await driver.executeScript(() => {\n            const calc = document.querySelector('[aria-label=\"Transfer quote calculator\"]');\n            if (!calc) return null;\n            const input = calc.querySelector('input');\n            return input ? input : null;\n        });\n    }, 10000, 'You send input should be present inside the calculator');\n    await driver.wait(until.elementIsVisible(amountInput), 10000);\n    await amountInput.clear();\n    await amountInput.sendKeys('1');\n    const enteredValue = await amountInput.getAttribute('value');\n    assert.ok(/1/.test(enteredValue || ''), 'You send field should contain 1');\n    const updatedCalculatorText = await driver.wait(async () => {\n        const currentText = await getCalculatorText();\n        return currentText && currentText !== initialCalculatorText ? currentText : null;\n    }, 15000, 'They receive amount should change after setting You send to 1');\n    assert.ok(/They receive/i.test(updatedCalculatorText), 'Updated calculator text should include the They receive section');\n    assert.notStrictEqual(updatedCalculatorText, initialCalculatorText, 'They receive amount should change after setting You send to 1');\n} finally {\n    if (driver) {\n        await driver.quit();\n    }\n}",
              "err": {},
              "uuid": "dbf85edc-fda3-4e28-8907-0e709638555d",
              "parentUUID": "b7da7eda-c80d-448f-ad02-fa66e63762da",
              "isHook": false,
              "skipped": false
            }
          ],
          "suites": [],
          "passes": [
            "34e3930a-cb72-4fa9-b62d-9bcc6d911125",
            "46adf00a-495e-4539-92b2-e7653e69b3a1",
            "dbf85edc-fda3-4e28-8907-0e709638555d"
          ],
          "failures": [],
          "pending": [],
          "skipped": [],
          "duration": 23645,
          "root": false,
          "rootEmpty": false,
          "_timeout": 30000
        }
      ],
      "passes": [],
      "failures": [],
      "pending": [],
      "skipped": [],
      "duration": 0,
      "root": true,
      "rootEmpty": true,
      "_timeout": 2000
    }
  ],
  "meta": {
    "mocha": {
      "version": "10.8.2"
    },
    "mochawesome": {
      "options": {
        "quiet": false,
        "reportFilename": "mochawesome",
        "saveHtml": true,
        "saveJson": true,
        "consoleReporter": "spec",
        "useInlineDiffs": false,
        "code": true
      },
      "version": "8.0.1"
    },
    "marge": {
      "options": null,
      "version": "6.3.2"
    }
  }
}