{
  "stats": {
    "suites": 1,
    "tests": 3,
    "passes": 2,
    "pending": 0,
    "failures": 1,
    "start": "2026-09-11T01:34:35.051Z",
    "end": "2026-09-11T01:35:11.776Z",
    "duration": 36725,
    "testsRegistered": 3,
    "passPercent": 66.66666666666666,
    "pendingPercent": 0,
    "other": 0,
    "hasOther": false,
    "skipped": 0,
    "hasSkipped": false
  },
  "results": [
    {
      "uuid": "5d3de8a8-79af-433a-96e5-371688e26ec6",
      "title": "",
      "fullFile": "C:\\Users\\Charly\\projects\\Selenium Projects\\coding-challenge-ria\\tests\\feedback.js",
      "file": "\\tests\\feedback.js",
      "beforeHooks": [],
      "afterHooks": [],
      "tests": [],
      "suites": [
        {
          "uuid": "b7c3f5f3-fa5a-4301-ab2b-18dd6e39e4c0",
          "title": "RIA money transfer calculator",
          "fullFile": "C:\\Users\\Charly\\projects\\Selenium Projects\\coding-challenge-ria\\tests\\feedback.js",
          "file": "\\tests\\feedback.js",
          "beforeHooks": [],
          "afterHooks": [],
          "tests": [
            {
              "title": "1. Does not accept alphabetical characters in the calculator input",
              "fullTitle": "RIA money transfer calculator 1. Does not accept alphabetical characters in the calculator input",
              "timedOut": false,
              "duration": 7635,
              "state": "passed",
              "speed": "slow",
              "pass": true,
              "fail": false,
              "pending": false,
              "context": null,
              "code": "let driver;\ntry {\n    driver = await new Builder().forBrowser('firefox').build();\n    await driver.get('https://www.riamoneytransfer.com/');\n    await driver.manage().setTimeouts({ implicit: 1000 });\n    \n    // Wait for the page to load and the calculator´s \"They receive\" button to be present:\n    const button = await driver.wait(\n        until.elementLocated(\n            By.xpath(\"//*[contains(normalize-space(.), 'Transfer quote calculator')]//*[normalize-space()='They receive']/following::button[1]\")\n        ),\n        10000\n    );\n    await driver.wait(until.elementIsVisible(button), 10000);\n    await driver.sleep(2000);\n    // Click the \"They receive\" button to open the calculator input field\n    await button.click();\n    // Wait for the calculator input field to be present and visible\n    const amountInput = await driver.wait(\n        until.elementLocated(\n            By.xpath(\"//*[contains(normalize-space(.), 'Transfer quote calculator')]//input\")\n        ),\n        10000\n    );\n    // Wait for the input field to be visible, clear it, and send alphabetical characters\n    await driver.wait(until.elementIsVisible(amountInput), 10000);\n    await amountInput.clear();\n    await amountInput.sendKeys('abc123');\n    // Get the value of the input field and assert that it does not contain alphabetical characters\n    const value = await amountInput.getAttribute('value');\n    assert.ok(!/[a-z]/i.test(value || ''), 'Alphabetical characters should not be written in the calculator input');\n} finally {\n    if (driver) {\n        await driver.quit();\n    }\n}",
              "err": {},
              "uuid": "1e708d5a-4b30-4cb3-8dcd-f5839bc47177",
              "parentUUID": "b7c3f5f3-fa5a-4301-ab2b-18dd6e39e4c0",
              "isHook": false,
              "skipped": false
            },
            {
              "title": "2. Clicks the \"They receive\" button and a country popup menu appears",
              "fullTitle": "RIA money transfer calculator 2. Clicks the \"They receive\" button and a country popup menu appears",
              "timedOut": false,
              "duration": 5509,
              "state": "passed",
              "speed": "slow",
              "pass": true,
              "fail": false,
              "pending": false,
              "context": null,
              "code": "let driver;\ntry {\n    driver = await new Builder().forBrowser('firefox').build();\n    await driver.get('https://www.riamoneytransfer.com/');\n    await driver.manage().setTimeouts({ implicit: 1000 });\n    const button = await driver.wait(\n        until.elementLocated(\n            By.xpath(\"//*[contains(normalize-space(.), 'Transfer quote calculator')]//*[normalize-space()='They receive']/following::button[1]\")\n        ),\n        10000\n    );\n    await driver.wait(until.elementIsVisible(button), 10000);\n    assert.ok(button, 'They receive button should be visible');\n    await button.click();\n    console.log('Clicked the \"They receive\" button');\n    const popupText = await driver.wait(async () => {\n        const dialogs = await driver.findElements(By.css('[role=\"dialog\"]'));\n        for (const dialog of dialogs) {\n            try {\n                const text = await dialog.getText();\n                if (/Select Destination/i.test(text) && /Colombia|Peru|Haiti|Dominican Republic/i.test(text)) {\n                    return text;\n                }\n            } catch (err) {\n                // ignore non-visible or detached elements while polling\n            }\n        }\n        return null;\n    }, 15000);\n    assert.ok(popupText, 'A country selection popup should appear after clicking the button');\n    assert.ok(/Select Destination/i.test(popupText), 'The popup should contain a country-selection title');\n    assert.ok(/Colombia|Peru|Haiti|Dominican Republic/i.test(popupText), 'The popup should include selectable country options');\n} finally {\n    if (driver) {\n        await driver.quit();\n    }\n}",
              "err": {},
              "uuid": "81898564-7ed1-4818-a736-fce4dd5f7e42",
              "parentUUID": "b7c3f5f3-fa5a-4301-ab2b-18dd6e39e4c0",
              "isHook": false,
              "skipped": false
            },
            {
              "title": "3. They receive amount changes when You send is updated to 1",
              "fullTitle": "RIA money transfer calculator 3. They receive amount changes when You send is updated to 1",
              "timedOut": false,
              "duration": 23571,
              "state": "failed",
              "speed": null,
              "pass": false,
              "fail": true,
              "pending": false,
              "context": null,
              "code": "let driver;\ntry {\n    driver = await new Builder().forBrowser('firefox').build();\n    await driver.get('https://www.riamoneytransfer.com/');\n    await driver.manage().setTimeouts({ implicit: 1000 });\n    const sendButton = await driver.wait(\n        until.elementLocated(\n            By.xpath(\"//*[contains(normalize-space(.), 'Transfer quote calculator')]//*[normalize-space()='You send']/following::button[1]\")\n        ),\n        10000\n    );\n    const receiveAmountElement = await driver.wait(\n        until.elementLocated(\n            By.xpath(\"//*[contains(normalize-space(.), 'Transfer quote calculator')]//*[contains(normalize-space(.), 'They receive')]/following::div[1]\")\n        ),\n        10000\n    );\n    const initialReceiveAmount = await receiveAmountElement.getText();\n    console.log('Initial receive amount:', initialReceiveAmount);\n    await sendButton.click();\n    const amountInput = await driver.wait(\n        until.elementLocated(\n            By.xpath(\"//*[contains(normalize-space(.), 'Transfer quote calculator')]//*[normalize-space()='You send']/following::input[1]\")\n        ),\n        10000\n    );\n    await driver.wait(until.elementIsVisible(amountInput), 10000);\n    await amountInput.clear();\n    await amountInput.sendKeys('1');\n    const enteredValue = await amountInput.getAttribute('value');\n    assert.ok(/1/.test(enteredValue || ''), 'You send field should contain 1');\n    const updatedReceiveAmount = await driver.wait(async () => {\n        const currentText = await receiveAmountElement.getText();\n        if (currentText && currentText !== initialReceiveAmount) {\n            return currentText;\n        }\n        return null;\n    }, 15000, 'They receive amount should change after setting You send to 1');\n    console.log('Updated receive amount:', updatedReceiveAmount);\n    assert.notStrictEqual(updatedReceiveAmount, initialReceiveAmount, 'They receive amount should change after setting You send to 1');\n} finally {\n    if (driver) {\n        await driver.quit();\n    }\n}",
              "err": {
                "message": "TimeoutError: They receive amount should change after setting You send to 1\nWait timed out after 15055ms",
                "estack": "TimeoutError: They receive amount should change after setting You send to 1\nWait timed out after 15055ms\n    at C:\\Users\\Charly\\projects\\Selenium Projects\\coding-challenge-ria\\node_modules\\selenium-webdriver\\lib\\webdriver.js:938:22\n    at process.processTicksAndRejections (node:internal/process/task_queues:104:5)",
                "diff": null
              },
              "uuid": "6e38f7c7-fa10-407c-aca6-bf43c08d3933",
              "parentUUID": "b7c3f5f3-fa5a-4301-ab2b-18dd6e39e4c0",
              "isHook": false,
              "skipped": false
            }
          ],
          "suites": [],
          "passes": [
            "1e708d5a-4b30-4cb3-8dcd-f5839bc47177",
            "81898564-7ed1-4818-a736-fce4dd5f7e42"
          ],
          "failures": [
            "6e38f7c7-fa10-407c-aca6-bf43c08d3933"
          ],
          "pending": [],
          "skipped": [],
          "duration": 36715,
          "root": false,
          "rootEmpty": false,
          "_timeout": 30000
        }
      ],
      "passes": [],
      "failures": [],
      "pending": [],
      "skipped": [],
      "duration": 0,
      "root": true,
      "rootEmpty": true,
      "_timeout": 2000
    }
  ],
  "meta": {
    "mocha": {
      "version": "10.8.2"
    },
    "mochawesome": {
      "options": {
        "quiet": false,
        "reportFilename": "mochawesome",
        "saveHtml": true,
        "saveJson": true,
        "consoleReporter": "spec",
        "useInlineDiffs": false,
        "code": true
      },
      "version": "8.0.1"
    },
    "marge": {
      "options": {
        "reportDir": "./mochawesome-report",
        "overwrite": "false"
      },
      "version": "6.3.2"
    }
  }
}