{
  "stats": {
    "suites": 2,
    "tests": 4,
    "passes": 4,
    "pending": 0,
    "failures": 0,
    "start": "2026-09-11T18:44:15.227Z",
    "end": "2026-09-11T18:44:41.106Z",
    "duration": 25879,
    "testsRegistered": 4,
    "passPercent": 100,
    "pendingPercent": 0,
    "other": 0,
    "hasOther": false,
    "skipped": 0,
    "hasSkipped": false
  },
  "results": [
    {
      "uuid": "ab85fbe4-5d36-41b9-9fb1-26a90b0e011b",
      "title": "",
      "fullFile": "",
      "file": "",
      "beforeHooks": [],
      "afterHooks": [],
      "tests": [],
      "suites": [
        {
          "uuid": "8a3a2b66-4271-4682-bfa0-59813be7e0ba",
          "title": "Register page e2e tests",
          "fullFile": "C:\\Users\\Charly\\projects\\Selenium Projects\\coding-challenge-ria\\tests\\e2e-register-page.js",
          "file": "\\tests\\e2e-register-page.js",
          "beforeHooks": [],
          "afterHooks": [],
          "tests": [
            {
              "title": "1. When \"Start your transfer\" button from the calculator is pressed, it redirects to the login page and loads the login form",
              "fullTitle": "Register page e2e tests 1. When \"Start your transfer\" button from the calculator is pressed, it redirects to the login page and loads the login form",
              "timedOut": false,
              "duration": 9274,
              "state": "passed",
              "speed": "slow",
              "pass": true,
              "fail": false,
              "pending": false,
              "context": null,
              "code": "let driver;\ntry {\n    driver = await new Builder().forBrowser('firefox').build();\n    await driver.get('https://www.riamoneytransfer.com/');\n    await driver.manage().setTimeouts({ implicit: 1000 });\n    // Wait for the page to load and the calculator´s \"Start your transfer\" button to be present\n    const button = await driver.wait(\n        until.elementLocated(\n            By.xpath(\"//*[contains(normalize-space(.), 'Transfer quote calculator')]//*[normalize-space()='Start your transfer']\")\n        ),\n        10000\n    );\n    // Click the “Start your transfer” calculator button\n    await driver.wait(until.elementIsVisible(button), 10000);\n    await button.click();\n    // Wait for the redirect to the secure login page\n    await driver.wait(until.urlContains('https://secure.riamoneytransfer.com/login'), 10000);\n    const currentUrl = await driver.getCurrentUrl();\n    // Confirm the URL includes the login route\n    assert.ok(currentUrl.includes('https://secure.riamoneytransfer.com/login'), 'The login page URL is incorrect');\n    // Wait for the actual login form to render\n    const loginForm = await driver.wait(\n        until.elementLocated(By.id('loginForm')),\n        15000\n    );\n    await driver.wait(until.elementIsVisible(loginForm), 15000);\n    // Assert the Register action is visible on the login page\n    const registerLink = await driver.wait(\n        until.elementLocated(By.xpath(\"//a[normalize-space()='Register'] | //button[normalize-space()='Register']\")),\n        15000\n    );\n    await driver.wait(until.elementIsVisible(registerLink), 15000);\n    assert.ok(registerLink, 'The Register button should be visible on the login page');\n    // dismiss the cookie banner if it blocks the click, as it blocks the Register button for Selenium\n    const cookieReject = await driver.findElements(By.xpath(\"//button[normalize-space()='Reject cookies']\"));\n    if (cookieReject.length > 0) {\n        await cookieReject[0].click();\n        await driver.wait(async () => {\n            const overlays = await driver.findElements(By.css('.oen-ui-overlay-mask'));\n            return overlays.length === 0;\n        }, 10000);\n    }\n    // Click Register and verify the redirect to the registration page\n    await registerLink.click();\n    await driver.wait(until.urlContains('https://secure.riamoneytransfer.com/registration'), 15000);\n    const registrationUrl = await driver.getCurrentUrl();\n    assert.ok(registrationUrl.includes('https://secure.riamoneytransfer.com/registration'), 'The registration page URL is incorrect');\n} finally {\n    if (driver) {\n        await driver.quit();\n    }\n}",
              "err": {},
              "uuid": "965634be-7bb5-4b94-936f-0dd52d22c57c",
              "parentUUID": "8a3a2b66-4271-4682-bfa0-59813be7e0ba",
              "isHook": false,
              "skipped": false
            }
          ],
          "suites": [],
          "passes": [
            "965634be-7bb5-4b94-936f-0dd52d22c57c"
          ],
          "failures": [],
          "pending": [],
          "skipped": [],
          "duration": 9274,
          "root": false,
          "rootEmpty": false,
          "_timeout": 30000
        },
        {
          "uuid": "d230577c-e692-4683-bd09-c6dcb04be344",
          "title": "RIA money transfer calculator",
          "fullFile": "C:\\Users\\Charly\\projects\\Selenium Projects\\coding-challenge-ria\\tests\\feedback.js",
          "file": "\\tests\\feedback.js",
          "beforeHooks": [],
          "afterHooks": [],
          "tests": [
            {
              "title": "1. Does not accept alphabetical characters in the calculator input",
              "fullTitle": "RIA money transfer calculator 1. Does not accept alphabetical characters in the calculator input",
              "timedOut": false,
              "duration": 6795,
              "state": "passed",
              "speed": "slow",
              "pass": true,
              "fail": false,
              "pending": false,
              "context": null,
              "code": "let driver;\ntry {\n    driver = await new Builder().forBrowser('firefox').build();\n    await driver.get('https://www.riamoneytransfer.com/');\n    await driver.manage().setTimeouts({ implicit: 1000 });\n    \n    // Wait for the page to load and the calculator´s \"They receive\" button to be present:\n    const button = await driver.wait(\n        until.elementLocated(\n            By.xpath(\"//*[contains(normalize-space(.), 'Transfer quote calculator')]//*[normalize-space()='They receive']/following::button[1]\")\n        ),\n        10000\n    );\n    await driver.wait(until.elementIsVisible(button), 10000);\n    await driver.sleep(2000);\n    // Click the \"They receive\" button to open the calculator input field\n    await button.click();\n    // Wait for the calculator input field to be present and visible\n    const amountInput = await driver.wait(\n        until.elementLocated(\n            By.xpath(\"//*[contains(normalize-space(.), 'Transfer quote calculator')]//input\")\n        ),\n        10000\n    );\n    // Wait for the input field to be visible, clear it, and send alphabetical characters\n    await driver.wait(until.elementIsVisible(amountInput), 10000);\n    await amountInput.clear();\n    await amountInput.sendKeys('abc123');\n    // Get the value of the input field and assert that it does not contain alphabetical characters\n    const value = await amountInput.getAttribute('value');\n    assert.ok(!/[a-z]/i.test(value || ''), 'Alphabetical characters should not be written in the calculator input');\n} finally {\n    if (driver) {\n        await driver.quit();\n    }\n}",
              "err": {},
              "uuid": "2ed0a887-6fb3-4b11-8309-414cc128418b",
              "parentUUID": "d230577c-e692-4683-bd09-c6dcb04be344",
              "isHook": false,
              "skipped": false
            },
            {
              "title": "2. Clicks the \"They receive\" button and a country popup menu appears",
              "fullTitle": "RIA money transfer calculator 2. Clicks the \"They receive\" button and a country popup menu appears",
              "timedOut": false,
              "duration": 4744,
              "state": "passed",
              "speed": "slow",
              "pass": true,
              "fail": false,
              "pending": false,
              "context": null,
              "code": "let driver;\ntry {\n    driver = await new Builder().forBrowser('firefox').build();\n    await driver.get('https://www.riamoneytransfer.com/');\n    await driver.manage().setTimeouts({ implicit: 1000 });\n    // Wait for the page to load and the calculator´s \"They receive\" button to be present\n    const button = await driver.wait(\n        until.elementLocated(\n            By.xpath(\"//*[contains(normalize-space(.), 'Transfer quote calculator')]//*[normalize-space()='They receive']/following::button[1]\")\n        ),\n        10000\n    );\n    await driver.wait(until.elementIsVisible(button), 10000);\n    assert.ok(button, 'They receive button should be visible');\n    await button.click();\n    //console.log('Clicked the \"They receive\" button');\n    // Wait for the country selection popup to appear and get its text\n    const popupText = await driver.wait(async () => {\n        const dialogs = await driver.findElements(By.css('[role=\"dialog\"]'));\n        for (const dialog of dialogs) {\n            try {\n                const text = await dialog.getText();\n                if (/Select Destination/i.test(text) ) { \n                    return text;\n                }\n            } catch (err) {\n                // ignore non-visible or detached elements while polling\n            }\n        }\n        return null;\n    }, 15000);\n    \n    // Assert that the popup text is present and contains the expected title\n    assert.ok(popupText, 'A country selection popup should appear after clicking the button');\n    assert.ok(/Select Destination/i.test(popupText), 'The popup should contain a country-selection title');\n    // Next assert is not always the case, as the country list may randomly change if the user is in a different region, so I will comment it out for now (Sometimes MXN was the default country)\n    // assert.ok(/Colombia|Peru|Haiti|Dominican Republic/i.test(popupText), 'The popup should include selectable country options'); \n} finally {\n    if (driver) {\n        await driver.quit();\n    }\n}",
              "err": {},
              "uuid": "76b950b4-0f1e-4be3-8326-9e4d17bd92f7",
              "parentUUID": "d230577c-e692-4683-bd09-c6dcb04be344",
              "isHook": false,
              "skipped": false
            },
            {
              "title": "3. They receive amount changes when You send is updated to 25000",
              "fullTitle": "RIA money transfer calculator 3. They receive amount changes when You send is updated to 25000",
              "timedOut": false,
              "duration": 5060,
              "state": "passed",
              "speed": "slow",
              "pass": true,
              "fail": false,
              "pending": false,
              "context": null,
              "code": "let driver;\ntry {\n    driver = await new Builder().forBrowser('firefox').build();\n    await driver.get('https://www.riamoneytransfer.com/');\n    await driver.manage().setTimeouts({ implicit: 1000 });\n    // Wait for the page to load and the calculator´s \"You send\" button to be present\n    const sendButton = await driver.wait(\n        until.elementLocated(\n            By.xpath(\"//*[contains(normalize-space(.), 'Transfer quote calculator')]//*[normalize-space()='You send']/following::button[1]\")\n        ),\n        10000\n    );\n    // Get the current text of the calculator before updating the \"You send\" amount\n    const getCalculatorText = async () => {\n        return await driver.executeScript(() => {\n            const calc = document.querySelector('[aria-label=\"Transfer quote calculator\"]');\n            return calc ? calc.textContent.replace(/\\s+/g, ' ').trim() : '';\n        });\n    };\n    const initialCalculatorText = await getCalculatorText();\n    assert.ok(initialCalculatorText.length > 0, 'Transfer quote calculator should be visible');\n    // Click the \"You send\" button to open the input field\n    await sendButton.click();\n    // The input field is inside a shadow DOM, so we need to use executeScript to access it\n    const amountInput = await driver.wait(async () => {\n        return await driver.executeScript(() => {\n            const calc = document.querySelector('[aria-label=\"Transfer quote calculator\"]');\n            if (!calc) return null;\n            const input = calc.querySelector('input');\n            return input ? input : null;\n        });\n    }, 10000, 'You send input should be present inside the calculator');\n    // Wait for the input field to be visible, clear it, and send the value 25000. We assume its CLP for the test, but the currency may vary depending on the region, so we will not assert the currency symbol in this test.\n    await driver.wait(until.elementIsVisible(amountInput), 10000);\n    await amountInput.clear();\n    await amountInput.sendKeys('25000');\n    const enteredValue = await amountInput.getAttribute('value');\n    assert.ok(/25000/.test(enteredValue || ''), 'You send field should contain 25000');\n    // Wait for the calculator text to update and assert that the \"They receive\" amount has changed\n    const updatedCalculatorText = await driver.wait(async () => {\n        const currentText = await getCalculatorText();\n        return currentText && currentText !== initialCalculatorText ? currentText : null;\n    }, 15000, 'They receive amount should change after setting You send to 25000');\n    assert.ok(/They receive/i.test(updatedCalculatorText), 'Updated calculator text should include the They receive section');\n    assert.notStrictEqual(updatedCalculatorText, initialCalculatorText, 'They receive amount should change after setting You send to 25000');\n} finally {\n    if (driver) {\n        await driver.quit();\n    }\n}",
              "err": {},
              "uuid": "f750909e-5372-47ce-b039-dc702eacce3b",
              "parentUUID": "d230577c-e692-4683-bd09-c6dcb04be344",
              "isHook": false,
              "skipped": false
            }
          ],
          "suites": [],
          "passes": [
            "2ed0a887-6fb3-4b11-8309-414cc128418b",
            "76b950b4-0f1e-4be3-8326-9e4d17bd92f7",
            "f750909e-5372-47ce-b039-dc702eacce3b"
          ],
          "failures": [],
          "pending": [],
          "skipped": [],
          "duration": 16599,
          "root": false,
          "rootEmpty": false,
          "_timeout": 30000
        }
      ],
      "passes": [],
      "failures": [],
      "pending": [],
      "skipped": [],
      "duration": 0,
      "root": true,
      "rootEmpty": true,
      "_timeout": 2000
    }
  ],
  "meta": {
    "mocha": {
      "version": "10.8.2"
    },
    "mochawesome": {
      "options": {
        "quiet": false,
        "reportFilename": "mochawesome",
        "saveHtml": true,
        "saveJson": true,
        "consoleReporter": "spec",
        "useInlineDiffs": false,
        "code": true
      },
      "version": "8.0.1"
    },
    "marge": {
      "options": null,
      "version": "6.3.2"
    }
  }
}